Reading cached build data
>> Local Products Rules ..... started
>> Local Products Rules ..... done
>> Creating project symlinks
>> Entering Package HiggsAnalysis/HiggsToZZ4Leptons
>> Entering Package EgammaAnalysis/ElectronTools
  src/CommonTools/ParticleFlow/python -> python/CommonTools/ParticleFlow
>> Entering Package KaMuCa/Calibration
>> Entering Package RecoEgamma/ElectronIdentification
  src/EgammaAnalysis/ElectronTools/python -> python/EgammaAnalysis/ElectronTools
  src/RecoEgamma/ElectronIdentification/python -> python/RecoEgamma/ElectronIdentification
  src/RecoEgamma/PhotonIdentification/python -> python/RecoEgamma/PhotonIdentification
  src/RecoMET/METFilters/python -> python/RecoMET/METFilters
  src/HiggsAnalysis/HiggsToZZ4Leptons/python -> python/HiggsAnalysis/HiggsToZZ4Leptons
>> Compiling edm plugin /uscms_data/d3/zwang4/WORKSPCACE/ntuple/CMSSW_8_0_24/src/HiggsAnalysis/HiggsToZZ4Leptons/plugins/HZZ4LeptonsCommonRootTree.cc 
>> Compiling edm plugin /uscms_data/d3/zwang4/WORKSPCACE/ntuple/CMSSW_8_0_24/src/HiggsAnalysis/HiggsToZZ4Leptons/plugins/SealModule.cc 
In file included from /uscms_data/d3/zwang4/WORKSPCACE/ntuple/CMSSW_8_0_24/src/HiggsAnalysis/HiggsToZZ4Leptons/plugins/HZZ4LeptonsCommonRootTree.cc:34:0:
/uscms_data/d3/zwang4/WORKSPCACE/ntuple/CMSSW_8_0_24/src/HiggsAnalysis/HiggsToZZ4Leptons/plugins/HZZ4LeptonsCommonRootTree.h: In member function 'void HZZ4LeptonsCommonRootTree::fillElectrons(const edm::Event&, const edm::EventSetup&)':
/uscms_data/d3/zwang4/WORKSPCACE/ntuple/CMSSW_8_0_24/src/HiggsAnalysis/HiggsToZZ4Leptons/plugins/HZZ4LeptonsCommonRootTree.h:3715:17: error: 'edm::View<pat::Electron>::const_iterator {aka class boost::iterators::indirect_iterator<__gnu_cxx::__normal_iterator<const pat::Electron* const*, std::vector<const pat::Electron*, std::allocator<const pat::Electron*> > >, boost::iterators::use_default, boost::iterators::use_default, boost::iterators::use_default, boost::iterators::use_default>}' has no member named 'genLepton'
      if (!(cand.genLepton()).isNull()){
                 ^
/uscms_data/d3/zwang4/WORKSPCACE/ntuple/CMSSW_8_0_24/src/HiggsAnalysis/HiggsToZZ4Leptons/plugins/HZZ4LeptonsCommonRootTree.h:3718:38: error: 'edm::View<pat::Electron>::const_iterator {aka class boost::iterators::indirect_iterator<__gnu_cxx::__normal_iterator<const pat::Electron* const*, std::vector<const pat::Electron*, std::allocator<const pat::Electron*> > >, boost::iterators::use_default, boost::iterators::use_default, boost::iterators::use_default, boost::iterators::use_default>}' has no member named 'genParticle'
        RECOELE_MatchingMCpT[i]= cand.genParticle()->p4().pt();
                                      ^
/uscms_data/d3/zwang4/WORKSPCACE/ntuple/CMSSW_8_0_24/src/HiggsAnalysis/HiggsToZZ4Leptons/plugins/HZZ4LeptonsCommonRootTree.h:3719:39: error: 'edm::View<pat::Electron>::const_iterator {aka class boost::iterators::indirect_iterator<__gnu_cxx::__normal_iterator<const pat::Electron* const*, std::vector<const pat::Electron*, std::allocator<const pat::Electron*> > >, boost::iterators::use_default, boost::iterators::use_default, boost::iterators::use_default, boost::iterators::use_default>}' has no member named 'genParticle'
        RECOELE_MatchingMCEta[i]= cand.genParticle()->p4().eta();
                                       ^
/uscms_data/d3/zwang4/WORKSPCACE/ntuple/CMSSW_8_0_24/src/HiggsAnalysis/HiggsToZZ4Leptons/plugins/HZZ4LeptonsCommonRootTree.h:3720:39: error: 'edm::View<pat::Electron>::const_iterator {aka class boost::iterators::indirect_iterator<__gnu_cxx::__normal_iterator<const pat::Electron* const*, std::vector<const pat::Electron*, std::allocator<const pat::Electron*> > >, boost::iterators::use_default, boost::iterators::use_default, boost::iterators::use_default, boost::iterators::use_default>}' has no member named 'genParticle'
        RECOELE_MatchingMCPhi[i]= cand.genParticle()->p4().phi();
                                       ^
/uscms_data/d3/zwang4/WORKSPCACE/ntuple/CMSSW_8_0_24/src/HiggsAnalysis/HiggsToZZ4Leptons/plugins/HZZ4LeptonsCommonRootTree.h: In member function 'void HZZ4LeptonsCommonRootTree::fillMuons(const edm::Event&, const edm::EventSetup&)':
/uscms_data/d3/zwang4/WORKSPCACE/ntuple/CMSSW_8_0_24/src/HiggsAnalysis/HiggsToZZ4Leptons/plugins/HZZ4LeptonsCommonRootTree.h:4160:23: error: 'edm::View<pat::Muon>::const_iterator {aka class boost::iterators::indirect_iterator<__gnu_cxx::__normal_iterator<const pat::Muon* const*, std::vector<const pat::Muon*, std::allocator<const pat::Muon*> > >, boost::iterators::use_default, boost::iterators::use_default, boost::iterators::use_default, boost::iterators::use_default>}' has no member named 'genParticle'
             if (!cand.genParticle().isNull()){
                       ^
/uscms_data/d3/zwang4/WORKSPCACE/ntuple/CMSSW_8_0_24/src/HiggsAnalysis/HiggsToZZ4Leptons/plugins/HZZ4LeptonsCommonRootTree.h:4161:22: error: 'edm::View<pat::Muon>::const_iterator {aka class boost::iterators::indirect_iterator<__gnu_cxx::__normal_iterator<const pat::Muon* const*, std::vector<const pat::Muon*, std::allocator<const pat::Muon*> > >, boost::iterators::use_default, boost::iterators::use_default, boost::iterators::use_default, boost::iterators::use_default>}' has no member named 'genParticle'
              if(cand.genParticle()->isPromptFinalState()){
                      ^
In file included from /uscms_data/d3/zwang4/WORKSPCACE/ntuple/CMSSW_8_0_24/src/HiggsAnalysis/HiggsToZZ4Leptons/plugins/SealModule.cc:34:0:
/uscms_data/d3/zwang4/WORKSPCACE/ntuple/CMSSW_8_0_24/src/HiggsAnalysis/HiggsToZZ4Leptons/plugins/HZZ4LeptonsCommonRootTree.h: In member function 'void HZZ4LeptonsCommonRootTree::fillElectrons(const edm::Event&, const edm::EventSetup&)':
/uscms_data/d3/zwang4/WORKSPCACE/ntuple/CMSSW_8_0_24/src/HiggsAnalysis/HiggsToZZ4Leptons/plugins/HZZ4LeptonsCommonRootTree.h:3715:17: error: 'edm::View<pat::Electron>::const_iterator {aka class boost::iterators::indirect_iterator<__gnu_cxx::__normal_iterator<const pat::Electron* const*, std::vector<const pat::Electron*, std::allocator<const pat::Electron*> > >, boost::iterators::use_default, boost::iterators::use_default, boost::iterators::use_default, boost::iterators::use_default>}' has no member named 'genLepton'
      if (!(cand.genLepton()).isNull()){
                 ^
/uscms_data/d3/zwang4/WORKSPCACE/ntuple/CMSSW_8_0_24/src/HiggsAnalysis/HiggsToZZ4Leptons/plugins/HZZ4LeptonsCommonRootTree.h:3718:38: error: 'edm::View<pat::Electron>::const_iterator {aka class boost::iterators::indirect_iterator<__gnu_cxx::__normal_iterator<const pat::Electron* const*, std::vector<const pat::Electron*, std::allocator<const pat::Electron*> > >, boost::iterators::use_default, boost::iterators::use_default, boost::iterators::use_default, boost::iterators::use_default>}' has no member named 'genParticle'
        RECOELE_MatchingMCpT[i]= cand.genParticle()->p4().pt();
                                      ^
/uscms_data/d3/zwang4/WORKSPCACE/ntuple/CMSSW_8_0_24/src/HiggsAnalysis/HiggsToZZ4Leptons/plugins/HZZ4LeptonsCommonRootTree.h:3719:39: error: 'edm::View<pat::Electron>::const_iterator {aka class boost::iterators::indirect_iterator<__gnu_cxx::__normal_iterator<const pat::Electron* const*, std::vector<const pat::Electron*, std::allocator<const pat::Electron*> > >, boost::iterators::use_default, boost::iterators::use_default, boost::iterators::use_default, boost::iterators::use_default>}' has no member named 'genParticle'
        RECOELE_MatchingMCEta[i]= cand.genParticle()->p4().eta();
                                       ^
/uscms_data/d3/zwang4/WORKSPCACE/ntuple/CMSSW_8_0_24/src/HiggsAnalysis/HiggsToZZ4Leptons/plugins/HZZ4LeptonsCommonRootTree.h:3720:39: error: 'edm::View<pat::Electron>::const_iterator {aka class boost::iterators::indirect_iterator<__gnu_cxx::__normal_iterator<const pat::Electron* const*, std::vector<const pat::Electron*, std::allocator<const pat::Electron*> > >, boost::iterators::use_default, boost::iterators::use_default, boost::iterators::use_default, boost::iterators::use_default>}' has no member named 'genParticle'
        RECOELE_MatchingMCPhi[i]= cand.genParticle()->p4().phi();
                                       ^
/uscms_data/d3/zwang4/WORKSPCACE/ntuple/CMSSW_8_0_24/src/HiggsAnalysis/HiggsToZZ4Leptons/plugins/HZZ4LeptonsCommonRootTree.h: In member function 'void HZZ4LeptonsCommonRootTree::fillMuons(const edm::Event&, const edm::EventSetup&)':
/uscms_data/d3/zwang4/WORKSPCACE/ntuple/CMSSW_8_0_24/src/HiggsAnalysis/HiggsToZZ4Leptons/plugins/HZZ4LeptonsCommonRootTree.h:4160:23: error: 'edm::View<pat::Muon>::const_iterator {aka class boost::iterators::indirect_iterator<__gnu_cxx::__normal_iterator<const pat::Muon* const*, std::vector<const pat::Muon*, std::allocator<const pat::Muon*> > >, boost::iterators::use_default, boost::iterators::use_default, boost::iterators::use_default, boost::iterators::use_default>}' has no member named 'genParticle'
             if (!cand.genParticle().isNull()){
                       ^
/uscms_data/d3/zwang4/WORKSPCACE/ntuple/CMSSW_8_0_24/src/HiggsAnalysis/HiggsToZZ4Leptons/plugins/HZZ4LeptonsCommonRootTree.h:4161:22: error: 'edm::View<pat::Muon>::const_iterator {aka class boost::iterators::indirect_iterator<__gnu_cxx::__normal_iterator<const pat::Muon* const*, std::vector<const pat::Muon*, std::allocator<const pat::Muon*> > >, boost::iterators::use_default, boost::iterators::use_default, boost::iterators::use_default, boost::iterators::use_default>}' has no member named 'genParticle'
              if(cand.genParticle()->isPromptFinalState()){
                      ^
config/SCRAM/GMake/Makefile.rules:1937: recipe for target 'tmp/slc6_amd64_gcc530/src/HiggsAnalysis/HiggsToZZ4Leptons/plugins/HiggsAnalysisHiggsToZZ4LeptonsPlugins/HZZ4LeptonsCommonRootTree.o' failed
gmake: *** [tmp/slc6_amd64_gcc530/src/HiggsAnalysis/HiggsToZZ4Leptons/plugins/HiggsAnalysisHiggsToZZ4LeptonsPlugins/HZZ4LeptonsCommonRootTree.o] Error 1
gmake: *** Waiting for unfinished jobs....
config/SCRAM/GMake/Makefile.rules:1937: recipe for target 'tmp/slc6_amd64_gcc530/src/HiggsAnalysis/HiggsToZZ4Leptons/plugins/HiggsAnalysisHiggsToZZ4LeptonsPlugins/SealModule.o' failed
gmake: *** [tmp/slc6_amd64_gcc530/src/HiggsAnalysis/HiggsToZZ4Leptons/plugins/HiggsAnalysisHiggsToZZ4LeptonsPlugins/SealModule.o] Error 1
gmake: *** [There are compilation/build errors. Please see the detail log above.] Error 2
